{"/Users/alexanderespinosarozov/ERA/JS/Education/Netology/js/Projects/study/classPrototype/src/characterTypes.js": {"path":"/Users/alexanderespinosarozov/ERA/JS/Education/Netology/js/Projects/study/classPrototype/src/characterTypes.js","statementMap":{"0":{"start":{"line":1,"column":19},"end":{"line":1,"column":84}},"1":{"start":{"line":4,"column":28},"end":{"line":19,"column":1}},"2":{"start":{"line":6,"column":8},"end":{"line":8,"column":9}},"3":{"start":{"line":7,"column":12},"end":{"line":7,"column":25}},"4":{"start":{"line":9,"column":8},"end":{"line":9,"column":20}},"5":{"start":{"line":13,"column":8},"end":{"line":15,"column":9}},"6":{"start":{"line":14,"column":12},"end":{"line":14,"column":24}},"7":{"start":{"line":16,"column":8},"end":{"line":16,"column":21}},"8":{"start":{"line":43,"column":8},"end":{"line":43,"column":24}},"9":{"start":{"line":44,"column":8},"end":{"line":44,"column":25}},"10":{"start":{"line":45,"column":8},"end":{"line":45,"column":22}},"11":{"start":{"line":47,"column":8},"end":{"line":51,"column":9}},"12":{"start":{"line":48,"column":12},"end":{"line":48,"column":29}},"13":{"start":{"line":49,"column":12},"end":{"line":49,"column":48}},"14":{"start":{"line":50,"column":12},"end":{"line":50,"column":50}},"15":{"start":{"line":55,"column":8},"end":{"line":57,"column":9}},"16":{"start":{"line":56,"column":12},"end":{"line":56,"column":73}},"17":{"start":{"line":58,"column":8},"end":{"line":58,"column":24}},"18":{"start":{"line":59,"column":8},"end":{"line":59,"column":48}},"19":{"start":{"line":60,"column":8},"end":{"line":60,"column":49}},"20":{"start":{"line":61,"column":8},"end":{"line":61,"column":25}},"21":{"start":{"line":67,"column":8},"end":{"line":67,"column":19}},"22":{"start":{"line":68,"column":8},"end":{"line":68,"column":24}},"23":{"start":{"line":69,"column":8},"end":{"line":69,"column":25}},"24":{"start":{"line":70,"column":8},"end":{"line":70,"column":28}},"25":{"start":{"line":72,"column":8},"end":{"line":75,"column":9}},"26":{"start":{"line":73,"column":12},"end":{"line":73,"column":58}},"27":{"start":{"line":74,"column":12},"end":{"line":74,"column":50}},"28":{"start":{"line":81,"column":8},"end":{"line":81,"column":19}},"29":{"start":{"line":82,"column":8},"end":{"line":82,"column":24}},"30":{"start":{"line":83,"column":8},"end":{"line":83,"column":25}},"31":{"start":{"line":84,"column":8},"end":{"line":84,"column":31}},"32":{"start":{"line":86,"column":8},"end":{"line":89,"column":9}},"33":{"start":{"line":87,"column":12},"end":{"line":87,"column":58}},"34":{"start":{"line":88,"column":12},"end":{"line":88,"column":50}},"35":{"start":{"line":95,"column":8},"end":{"line":95,"column":19}},"36":{"start":{"line":96,"column":8},"end":{"line":96,"column":24}},"37":{"start":{"line":97,"column":8},"end":{"line":97,"column":25}},"38":{"start":{"line":98,"column":8},"end":{"line":98,"column":30}},"39":{"start":{"line":100,"column":8},"end":{"line":103,"column":9}},"40":{"start":{"line":101,"column":12},"end":{"line":101,"column":58}},"41":{"start":{"line":102,"column":12},"end":{"line":102,"column":50}},"42":{"start":{"line":109,"column":8},"end":{"line":109,"column":19}},"43":{"start":{"line":110,"column":8},"end":{"line":110,"column":24}},"44":{"start":{"line":111,"column":8},"end":{"line":111,"column":25}},"45":{"start":{"line":112,"column":8},"end":{"line":112,"column":28}},"46":{"start":{"line":114,"column":8},"end":{"line":117,"column":9}},"47":{"start":{"line":115,"column":12},"end":{"line":115,"column":58}},"48":{"start":{"line":116,"column":12},"end":{"line":116,"column":50}},"49":{"start":{"line":123,"column":8},"end":{"line":123,"column":19}},"50":{"start":{"line":124,"column":8},"end":{"line":124,"column":24}},"51":{"start":{"line":125,"column":8},"end":{"line":125,"column":25}},"52":{"start":{"line":126,"column":8},"end":{"line":126,"column":28}},"53":{"start":{"line":128,"column":8},"end":{"line":131,"column":9}},"54":{"start":{"line":129,"column":12},"end":{"line":129,"column":58}},"55":{"start":{"line":130,"column":12},"end":{"line":130,"column":50}},"56":{"start":{"line":137,"column":8},"end":{"line":137,"column":19}},"57":{"start":{"line":138,"column":8},"end":{"line":138,"column":24}},"58":{"start":{"line":139,"column":8},"end":{"line":139,"column":25}},"59":{"start":{"line":140,"column":8},"end":{"line":140,"column":28}},"60":{"start":{"line":142,"column":8},"end":{"line":145,"column":9}},"61":{"start":{"line":143,"column":12},"end":{"line":143,"column":58}},"62":{"start":{"line":144,"column":12},"end":{"line":144,"column":50}},"63":{"start":{"line":155,"column":0},"end":{"line":155,"column":27}},"64":{"start":{"line":156,"column":0},"end":{"line":156,"column":24}},"65":{"start":{"line":157,"column":0},"end":{"line":157,"column":24}}},"fnMap":{"0":{"name":"(anonymous_0)","decl":{"start":{"line":5,"column":18},"end":{"line":5,"column":19}},"loc":{"start":{"line":5,"column":28},"end":{"line":10,"column":5}},"line":5},"1":{"name":"(anonymous_1)","decl":{"start":{"line":12,"column":18},"end":{"line":12,"column":19}},"loc":{"start":{"line":12,"column":28},"end":{"line":17,"column":5}},"line":12},"2":{"name":"(anonymous_2)","decl":{"start":{"line":42,"column":4},"end":{"line":42,"column":5}},"loc":{"start":{"line":42,"column":22},"end":{"line":52,"column":5}},"line":42},"3":{"name":"(anonymous_3)","decl":{"start":{"line":54,"column":4},"end":{"line":54,"column":5}},"loc":{"start":{"line":54,"column":14},"end":{"line":62,"column":5}},"line":54},"4":{"name":"(anonymous_4)","decl":{"start":{"line":66,"column":4},"end":{"line":66,"column":5}},"loc":{"start":{"line":66,"column":22},"end":{"line":76,"column":5}},"line":66},"5":{"name":"(anonymous_5)","decl":{"start":{"line":80,"column":4},"end":{"line":80,"column":5}},"loc":{"start":{"line":80,"column":22},"end":{"line":90,"column":5}},"line":80},"6":{"name":"(anonymous_6)","decl":{"start":{"line":94,"column":4},"end":{"line":94,"column":5}},"loc":{"start":{"line":94,"column":22},"end":{"line":104,"column":5}},"line":94},"7":{"name":"(anonymous_7)","decl":{"start":{"line":108,"column":4},"end":{"line":108,"column":5}},"loc":{"start":{"line":108,"column":22},"end":{"line":118,"column":5}},"line":108},"8":{"name":"(anonymous_8)","decl":{"start":{"line":122,"column":4},"end":{"line":122,"column":5}},"loc":{"start":{"line":122,"column":22},"end":{"line":132,"column":5}},"line":122},"9":{"name":"(anonymous_9)","decl":{"start":{"line":136,"column":4},"end":{"line":136,"column":5}},"loc":{"start":{"line":136,"column":22},"end":{"line":146,"column":5}},"line":136}},"branchMap":{"0":{"loc":{"start":{"line":6,"column":8},"end":{"line":8,"column":9}},"type":"if","locations":[{"start":{"line":6,"column":8},"end":{"line":8,"column":9}},{"start":{},"end":{}}],"line":6},"1":{"loc":{"start":{"line":6,"column":12},"end":{"line":6,"column":47}},"type":"binary-expr","locations":[{"start":{"line":6,"column":12},"end":{"line":6,"column":27}},{"start":{"line":6,"column":31},"end":{"line":6,"column":47}}],"line":6},"2":{"loc":{"start":{"line":13,"column":8},"end":{"line":15,"column":9}},"type":"if","locations":[{"start":{"line":13,"column":8},"end":{"line":15,"column":9}},{"start":{},"end":{}}],"line":13},"3":{"loc":{"start":{"line":47,"column":8},"end":{"line":51,"column":9}},"type":"if","locations":[{"start":{"line":47,"column":8},"end":{"line":51,"column":9}},{"start":{},"end":{}}],"line":47},"4":{"loc":{"start":{"line":55,"column":8},"end":{"line":57,"column":9}},"type":"if","locations":[{"start":{"line":55,"column":8},"end":{"line":57,"column":9}},{"start":{},"end":{}}],"line":55},"5":{"loc":{"start":{"line":72,"column":8},"end":{"line":75,"column":9}},"type":"if","locations":[{"start":{"line":72,"column":8},"end":{"line":75,"column":9}},{"start":{},"end":{}}],"line":72},"6":{"loc":{"start":{"line":86,"column":8},"end":{"line":89,"column":9}},"type":"if","locations":[{"start":{"line":86,"column":8},"end":{"line":89,"column":9}},{"start":{},"end":{}}],"line":86},"7":{"loc":{"start":{"line":100,"column":8},"end":{"line":103,"column":9}},"type":"if","locations":[{"start":{"line":100,"column":8},"end":{"line":103,"column":9}},{"start":{},"end":{}}],"line":100},"8":{"loc":{"start":{"line":114,"column":8},"end":{"line":117,"column":9}},"type":"if","locations":[{"start":{"line":114,"column":8},"end":{"line":117,"column":9}},{"start":{},"end":{}}],"line":114},"9":{"loc":{"start":{"line":128,"column":8},"end":{"line":131,"column":9}},"type":"if","locations":[{"start":{"line":128,"column":8},"end":{"line":131,"column":9}},{"start":{},"end":{}}],"line":128},"10":{"loc":{"start":{"line":142,"column":8},"end":{"line":145,"column":9}},"type":"if","locations":[{"start":{"line":142,"column":8},"end":{"line":145,"column":9}},{"start":{},"end":{}}],"line":142}},"s":{"0":1,"1":1,"2":4,"3":1,"4":3,"5":3,"6":3,"7":0,"8":4,"9":4,"10":4,"11":4,"12":1,"13":1,"14":1,"15":2,"16":1,"17":1,"18":1,"19":1,"20":1,"21":0,"22":0,"23":0,"24":0,"25":0,"26":0,"27":0,"28":0,"29":0,"30":0,"31":0,"32":0,"33":0,"34":0,"35":0,"36":0,"37":0,"38":0,"39":0,"40":0,"41":0,"42":0,"43":0,"44":0,"45":0,"46":0,"47":0,"48":0,"49":4,"50":3,"51":3,"52":3,"53":3,"54":0,"55":0,"56":0,"57":0,"58":0,"59":0,"60":0,"61":0,"62":0,"63":1,"64":1,"65":1},"f":{"0":4,"1":3,"2":4,"3":2,"4":0,"5":0,"6":0,"7":0,"8":4,"9":0},"b":{"0":[1,3],"1":[4,3],"2":[3,0],"3":[1,3],"4":[1,1],"5":[0,0],"6":[0,0],"7":[0,0],"8":[0,0],"9":[0,3],"10":[0,0]},"_coverageSchema":"1a1c01bbd47fc00a2c39e90264f33305004495a9","hash":"2e1a8620d0a37d6474720376f65ef36c07a8a9e2"}
}
