TN:
SF:src/characterTypes.js
FN:5,(anonymous_0)
FN:12,(anonymous_1)
FN:42,(anonymous_2)
FN:54,(anonymous_3)
FN:66,(anonymous_4)
FN:80,(anonymous_5)
FN:94,(anonymous_6)
FN:108,(anonymous_7)
FN:122,(anonymous_8)
FN:136,(anonymous_9)
FNF:10
FNH:5
FNDA:4,(anonymous_0)
FNDA:3,(anonymous_1)
FNDA:4,(anonymous_2)
FNDA:2,(anonymous_3)
FNDA:0,(anonymous_4)
FNDA:0,(anonymous_5)
FNDA:0,(anonymous_6)
FNDA:0,(anonymous_7)
FNDA:4,(anonymous_8)
FNDA:0,(anonymous_9)
DA:1,1
DA:4,1
DA:6,4
DA:7,1
DA:9,3
DA:13,3
DA:14,3
DA:16,0
DA:43,4
DA:44,4
DA:45,4
DA:47,4
DA:48,1
DA:49,1
DA:50,1
DA:55,2
DA:56,1
DA:58,1
DA:59,1
DA:60,1
DA:61,1
DA:67,0
DA:68,0
DA:69,0
DA:70,0
DA:72,0
DA:73,0
DA:74,0
DA:81,0
DA:82,0
DA:83,0
DA:84,0
DA:86,0
DA:87,0
DA:88,0
DA:95,0
DA:96,0
DA:97,0
DA:98,0
DA:100,0
DA:101,0
DA:102,0
DA:109,0
DA:110,0
DA:111,0
DA:112,0
DA:114,0
DA:115,0
DA:116,0
DA:123,4
DA:124,3
DA:125,3
DA:126,3
DA:128,3
DA:129,0
DA:130,0
DA:137,0
DA:138,0
DA:139,0
DA:140,0
DA:142,0
DA:143,0
DA:144,0
DA:155,1
DA:156,1
DA:157,1
LF:66
LH:28
BRDA:6,0,0,1
BRDA:6,0,1,3
BRDA:6,1,0,4
BRDA:6,1,1,3
BRDA:13,2,0,3
BRDA:13,2,1,0
BRDA:47,3,0,1
BRDA:47,3,1,3
BRDA:55,4,0,1
BRDA:55,4,1,1
BRDA:72,5,0,0
BRDA:72,5,1,0
BRDA:86,6,0,0
BRDA:86,6,1,0
BRDA:100,7,0,0
BRDA:100,7,1,0
BRDA:114,8,0,0
BRDA:114,8,1,0
BRDA:128,9,0,0
BRDA:128,9,1,3
BRDA:142,10,0,0
BRDA:142,10,1,0
BRF:22
BRH:10
end_of_record
